<?xml version="1.0" encoding="UTF-8"?>
<testsuite xmlns:xsi="http://www.w3.org/2001/XMLSchema-instance" xsi:noNamespaceSchemaLocation="https://maven.apache.org/surefire/maven-surefire-plugin/xsd/surefire-test-report-3.0.xsd" version="3.0" name="com.firefly.security.center.web.controllers.AuthenticationControllerIntegrationTest" time="0.57" tests="4" errors="0" skipped="0" failures="0">
  <properties>
[...]
</properties>
  <testcase name="testLoginSuccess" classname="com.firefly.security.center.web.controllers.AuthenticationControllerIntegrationTest" time="0.55">
    <system-out><![CDATA[17:56:05.069 [main] INFO com.firefly.security.center.web.controllers.AuthenticationController -- Login request for user: test_user
]]></system-out>
    <system-err><![CDATA[WARNING: A Java agent has been loaded dynamically (/Users/ancongui/.m2/repository/net/bytebuddy/byte-buddy-agent/1.14.11/byte-buddy-agent-1.14.11.jar)
WARNING: If a serviceability tool is in use, please run with -XX:+EnableDynamicAgentLoading to hide this warning
WARNING: If a serviceability tool is not in use, please run with -Djdk.instrument.traceUsage for more information
WARNING: Dynamic loading of agents will be disallowed by default in a future release
]]></system-err>
  </testcase>
  <testcase name="testLoginFailure" classname="com.firefly.security.center.web.controllers.AuthenticationControllerIntegrationTest" time="0.003">
    <system-out><![CDATA[17:56:05.113 [main] INFO com.firefly.security.center.web.controllers.AuthenticationController -- Login request for user: bad_user
]]></system-out>
  </testcase>
  <testcase name="testLogoutSuccess" classname="com.firefly.security.center.web.controllers.AuthenticationControllerIntegrationTest" time="0.002">
    <system-out><![CDATA[17:56:05.116 [main] INFO com.firefly.security.center.web.controllers.AuthenticationController -- Logout request for session: session_123
]]></system-out>
  </testcase>
  <testcase name="testTokenRefreshSuccess" classname="com.firefly.security.center.web.controllers.AuthenticationControllerIntegrationTest" time="0.002"/>
</testsuite>